www/html/openWB/web/tools/masterohnewlan.php' -> '/var/www/html/openWB/web/tools/masterohnewlan.php'
'/home/pi/var/www/html/openWB/web/tools/programmloggerinfo.php' -> '/var/www/html/openWB/web/tools/programmloggerinfo.php'
'/home/pi/var/www/html/openWB/web/tools/datenschutzerklaerung.html' -> '/var/www/html/openWB/web/tools/datenschutzerklaerung.html'
'/home/pi/var/www/html/openWB/web/tools/sofortll.php' -> '/var/www/html/openWB/web/tools/sofortll.php'
'/home/pi/var/www/html/openWB/web/tools/dailychargelp3.php' -> '/var/www/html/openWB/web/tools/dailychargelp3.php'
'/home/pi/var/www/html/openWB/web/tools/000-default.conf' -> '/var/www/html/openWB/web/tools/000-default.conf'
'/home/pi/var/www/html/openWB/web/tools/dailychargelp1.php' -> '/var/www/html/openWB/web/tools/dailychargelp1.php'
'/home/pi/var/www/html/openWB/web/tools/dailychargeg.php' -> '/var/www/html/openWB/web/tools/dailychargeg.php'
'/home/pi/var/www/html/openWB/web/tools/debugrequest.php' -> '/var/www/html/openWB/web/tools/debugrequest.php'
'/home/pi/var/www/html/openWB/web/tools/changelademodus.php' -> '/var/www/html/openWB/web/tools/changelademodus.php'
'/home/pi/var/www/html/openWB/web/tools/config_main.php' -> '/var/www/html/openWB/web/tools/config_main.php'
'/home/pi/var/www/html/openWB/web/tools/lademodus.php' -> '/var/www/html/openWB/web/tools/lademodus.php'
'/home/pi/var/www/html/openWB/web/tools/reloaddisplay.php' -> '/var/www/html/openWB/web/tools/reloaddisplay.php'
'/home/pi/var/www/html/openWB/web/tools/debugmode.php' -> '/var/www/html/openWB/web/tools/debugmode.php'
'/home/pi/var/www/html/openWB/web/tools/getsofortll.php' -> '/var/www/html/openWB/web/tools/getsofortll.php'
'/home/pi/var/www/html/openWB/web/tools/evsedintest.php' -> '/var/www/html/openWB/web/tools/evsedintest.php'
'/home/pi/var/www/html/openWB/web/tools/dailychargelpg.php' -> '/var/www/html/openWB/web/tools/dailychargelpg.php'
'/home/pi/var/www/html/openWB/web/tools/raspbian_ARM.php' -> '/var/www/html/openWB/web/tools/raspbian_ARM.php'
'/home/pi/var/www/html/openWB/web/tools/changelademodusd.php' -> '/var/www/html/openWB/web/tools/changelademodusd.php'
'/home/pi/var/www/html/openWB/web/tools/resetlpladem.php' -> '/var/www/html/openWB/web/tools/resetlpladem.php'
'/home/pi/var/www/html/openWB/web/tools/changeevseconfig.php' -> '/var/www/html/openWB/web/tools/changeevseconfig.php'
'/home/pi/var/www/html/openWB/web/tools/dailychargelp2.php' -> '/var/www/html/openWB/web/tools/dailychargelp2.php'
'/home/pi/var/www/html/openWB/web/tools/lxdeautostart' -> '/var/www/html/openWB/web/tools/lxdeautostart'
'/home/pi/var/www/html/openWB/web/tools/upload/uploaddir' -> '/var/www/html/openWB/web/tools/upload/uploaddir'
'/home/pi/var/www/html/openWB/web/tools/upload/restore.log' -> '/var/www/html/openWB/web/tools/upload/restore.log'
'/home/pi/var/www/html/openWB/web/tools/wlan/navbar.php' -> '/var/www/html/openWB/web/tools/wlan/navbar.php'
'/home/pi/var/www/html/openWB/web/tools/wlan/wlan1.php' -> '/var/www/html/openWB/web/tools/wlan/wlan1.php'
'/home/pi/var/www/html/openWB/web/tools/wlan/wlan.php' -> '/var/www/html/openWB/web/tools/wlan/wlan.php'
'/home/pi/var/www/html/openWB/web/tools/wlan/wlan1.sh' -> '/var/www/html/openWB/web/tools/wlan/wlan1.sh'
'/home/pi/var/www/html/openWB/web/tools/wlan/wlan_style.css' -> '/var/www/html/openWB/web/tools/wlan/wlan_style.css'
'/home/pi/var/www/html/openWB/web/tools/wlan/wlan0.sh' -> '/var/www/html/openWB/web/tools/wlan/wlan0.sh'
'/home/pi/var/www/html/openWB/web/tools/trace/modtest.html' -> '/var/www/html/openWB/web/tools/trace/modtest.html'
'/home/pi/var/www/html/openWB/web/tools/trace/modtrace.sh' -> '/var/www/html/openWB/web/tools/trace/modtrace.sh'
'/home/pi/var/www/html/openWB/web/tools/trace/trace.py' -> '/var/www/html/openWB/web/tools/trace/trace.py'
'/home/pi/var/www/html/openWB/web/tools/trace/modtest.php' -> '/var/www/html/openWB/web/tools/trace/modtest.php'
'/home/pi/var/www/html/openWB/web/themes/navbar.html' -> '/var/www/html/openWB/web/themes/navbar.html'
'/home/pi/var/www/html/openWB/web/themes/colors/pricechart.js' -> '/var/www/html/openWB/web/themes/colors/pricechart.js'
'/home/pi/var/www/html/openWB/web/themes/colors/powermeter.js' -> '/var/www/html/openWB/web/themes/colors/powermeter.js'
'/home/pi/var/www/html/openWB/web/themes/colors/style.css' -> '/var/www/html/openWB/web/themes/colors/style.css'
'/home/pi/var/www/html/openWB/web/themes/colors/powerdata.js' -> '/var/www/html/openWB/web/themes/colors/powerdata.js'
'/home/pi/var/www/html/openWB/web/themes/colors/theme.html' -> '/var/www/html/openWB/web/themes/colors/theme.html'
'/home/pi/var/www/html/openWB/web/themes/colors/chargePointList.js' -> '/var/www/html/openWB/web/themes/colors/chargePointList.js'
'/home/pi/var/www/html/openWB/web/themes/colors/smartHomeList.js' -> '/var/www/html/openWB/web/themes/colors/smartHomeList.js'
'/home/pi/var/www/html/openWB/web/themes/colors/yieldmeter.js' -> '/var/www/html/openWB/web/themes/colors/yieldmeter.js'
'/home/pi/var/www/html/openWB/web/themes/colors/preview.png' -> '/var/www/html/openWB/web/themes/colors/preview.png'
'/home/pi/var/www/html/openWB/web/themes/colors/powergraph.js' -> '/var/www/html/openWB/web/themes/colors/powergraph.js'
'/home/pi/var/www/html/openWB/web/themes/colors/setupMqttServices.js' -> '/var/www/html/openWB/web/themes/colors/setupMqttServices.js'
'/home/pi/var/www/html/openWB/web/themes/colors/batteryList.js' -> '/var/www/html/openWB/web/themes/colors/batteryList.js'
'/home/pi/var/www/html/openWB/web/themes/colors/processAllMqttMsg.js' -> '/var/www/html/openWB/web/themes/colors/processAllMqttMsg.js'
'/home/pi/var/www/html/openWB/web/themes/colors/helperFunctions.js' -> '/var/www/html/openWB/web/themes/colors/helperFunctions.js'
'/home/pi/var/www/html/openWB/web/themes/colors/settings.css' -> '/var/www/html/openWB/web/themes/colors/settings.css'
'/home/pi/var/www/html/openWB/web/themes/colors/js/d3.v6.min.js' -> '/var/www/html/openWB/web/themes/colors/js/d3.v6.min.js'
'/home/pi/var/www/html/openWB/web/themes/EvenDarker/style.css' -> '/var/www/html/openWB/web/themes/EvenDarker/style.css'
'/home/pi/var/www/html/openWB/web/themes/EvenDarker/theme.html' -> '/var/www/html/openWB/web/themes/EvenDarker/theme.html'
'/home/pi/var/www/html/openWB/web/themes/EvenDarker/preview.png' -> '/var/www/html/openWB/web/themes/EvenDarker/preview.png'
'/home/pi/var/www/html/openWB/web/themes/EvenDarker/settings.css' -> '/var/www/html/openWB/web/themes/EvenDarker/settings.css'
'/home/pi/var/www/html/openWB/web/themes/dark/style.css' -> '/var/www/html/openWB/web/themes/dark/style.css'
'/home/pi/var/www/html/openWB/web/themes/dark/theme.html' -> '/var/www/html/openWB/web/themes/dark/theme.html'
'/home/pi/var/www/html/openWB/web/themes/dark/livechart.js' -> '/var/www/html/openWB/web/themes/dark/livechart.js'
'/home/pi/var/www/html/openWB/web/themes/dark/preview.png' -> '/var/www/html/openWB/web/themes/dark/preview.png'
'/home/pi/var/www/html/openWB/web/themes/dark/setupMqttServices.js' -> '/var/www/html/openWB/web/themes/dark/setupMqttServices.js'
'/home/pi/var/www/html/openWB/web/themes/dark/processAllMqttMsg.js' -> '/var/www/html/openWB/web/themes/dark/processAllMqttMsg.js'
'/home/pi/var/www/html/openWB/web/themes/dark/helperFunctions.js' -> '/var/www/html/openWB/web/themes/dark/helperFunctions.js'
'/home/pi/var/www/html/openWB/web/themes/dark/electricityPriceChart.js' -> '/var/www/html/openWB/web/themes/dark/electricityPriceChart.js'
'/home/pi/var/www/html/openWB/web/themes/dark/settings.css' -> '/var/www/html/openWB/web/themes/dark/settings.css'
'/home/pi/var/www/html/openWB/web/themes/standard/style.css' -> '/var/www/html/openWB/web/themes/standard/style.css'
removed '/var/www/html/openWB/web/themes/standard/theme.html'
'/home/pi/var/www/html/openWB/web/themes/standard/theme.html' -> '/var/www/html/openWB/web/themes/standard/theme.html'
removed '/var/www/html/openWB/web/themes/standard/livechart.js'
'/home/pi/var/www/html/openWB/web/themes/standard/livechart.js' -> '/var/www/html/openWB/web/themes/standard/livechart.js'
'/home/pi/var/www/html/openWB/web/themes/standard/preview.png' -> '/var/www/html/openWB/web/themes/standard/preview.png'
removed '/var/www/html/openWB/web/themes/standard/setupMqttServices.js'
'/home/pi/var/www/html/openWB/web/themes/standard/setupMqttServices.js' -> '/var/www/html/openWB/web/themes/standard/setupMqttServices.js'
removed '/var/www/html/openWB/web/themes/standard/processAllMqttMsg.js'
'/home/pi/var/www/html/openWB/web/themes/standard/processAllMqttMsg.js' -> '/var/www/html/openWB/web/themes/standard/processAllMqttMsg.js'
removed '/var/www/html/openWB/web/themes/standard/helperFunctions.js'
'/home/pi/var/www/html/openWB/web/themes/standard/helperFunctions.js' -> '/var/www/html/openWB/web/themes/standard/helperFunctions.js'
'/home/pi/var/www/html/openWB/web/themes/standard/settings.css' -> '/var/www/html/openWB/web/themes/standard/settings.css'
'/home/pi/var/www/html/openWB/web/themes/Gauges/style.css' -> '/var/www/html/openWB/web/themes/Gauges/style.css'
'/home/pi/var/www/html/openWB/web/themes/Gauges/theme.html' -> '/var/www/html/openWB/web/themes/Gauges/theme.html'
'/home/pi/var/www/html/openWB/web/themes/Gauges/livechart.js' -> '/var/www/html/openWB/web/themes/Gauges/livechart.js'
'/home/pi/var/www/html/openWB/web/themes/Gauges/preview.png' -> '/var/www/html/openWB/web/themes/Gauges/preview.png'
'/home/pi/var/www/html/openWB/web/themes/Gauges/setupMqttServices.js' -> '/var/www/html/openWB/web/themes/Gauges/setupMqttServices.js'
'/home/pi/var/www/html/openWB/web/themes/Gauges/processAllMqttMsg.js' -> '/var/www/html/openWB/web/themes/Gauges/processAllMqttMsg.js'
'/home/pi/var/www/html/openWB/web/themes/Gauges/helperFunctions.js' -> '/var/www/html/openWB/web/themes/Gauges/helperFunctions.js'
'/home/pi/var/www/html/openWB/web/themes/Gauges/electricityPriceChart.js' -> '/var/www/html/openWB/web/themes/Gauges/electricityPriceChart.js'
'/home/pi/var/www/html/openWB/web/themes/Gauges/settings.css' -> '/var/www/html/openWB/web/themes/Gauges/settings.css'
'/home/pi/var/www/html/openWB/web/logout/.htaccess' -> '/var/www/html/openWB/web/logout/.htaccess'
'/home/pi/var/www/html/openWB/web/logout/.passwd' -> '/var/www/html/openWB/web/logout/.passwd'
'/home/pi/var/www/html/openWB/web/js/animated.js' -> '/var/www/html/openWB/web/js/animated.js'
'/home/pi/var/www/html/openWB/web/js/owl.carousel.min.js' -> '/var/www/html/openWB/web/js/owl.carousel.min.js'
'/home/pi/var/www/html/openWB/web/js/mqttws31.js' -> '/var/www/html/openWB/web/js/mqttws31.js'
'/home/pi/var/www/html/openWB/web/js/wow.min.js' -> '/var/www/html/openWB/web/js/wow.min.js'
'/home/pi/var/www/html/openWB/web/js/RGraph.vprogress.js' -> '/var/www/html/openWB/web/js/RGraph.vprogress.js'
'/home/pi/var/www/html/openWB/web/js/chartjs-plugin-zoom.js' -> '/var/www/html/openWB/web/js/chartjs-plugin-zoom.js'
'/home/pi/var/www/html/openWB/web/js/hammerjs@2.0.8' -> '/var/www/html/openWB/web/js/hammerjs@2.0.8'
'/home/pi/var/www/html/openWB/web/js/main.js' -> '/var/www/html/openWB/web/js/main.js'
'/home/pi/var/www/html/openWB/web/js/RGraph.common.core.js' -> '/var/www/html/openWB/web/js/RGraph.common.core.js'
'/home/pi/var/www/html/openWB/web/js/charts.js' -> '/var/www/html/openWB/web/js/charts.js'
'/home/pi/var/www/html/openWB/web/js/mqttws31.min.js' -> '/var/www/html/openWB/web/js/mqttws31.min.js'
'/home/pi/var/www/html/openWB/web/js/chartjs-plugin-annotation.min.js' -> '/var/www/html/openWB/web/js/chartjs-plugin-annotation.min.js'
'/home/pi/var/www/html/openWB/web/js/tooltip.js' -> '/var/www/html/openWB/web/js/tooltip.js'
'/home/pi/var/www/html/openWB/web/js/jquery-3.6.0.min.js' -> '/var/www/html/openWB/web/js/jquery-3.6.0.min.js'
'/home/pi/var/www/html/openWB/web/js/Chart.bundle.min.js' -> '/var/www/html/openWB/web/js/Chart.bundle.min.js'
'/home/pi/var/www/html/openWB/web/js/hammer.min.js.map' -> '/var/www/html/openWB/web/js/hammer.min.js.map'
'/home/pi/var/www/html/openWB/web/js/RGraph.common.effects.js' -> '/var/www/html/openWB/web/js/RGraph.common.effects.js'
'/home/pi/var/www/html/openWB/web/js/jquery-3.6.0.min.map' -> '/var/www/html/openWB/web/js/jquery-3.6.0.min.map'
'/home/pi/var/www/html/openWB/web/js/RGraph.gauge.js' -> '/var/www/html/openWB/web/js/RGraph.gauge.js'
'/home/pi/var/www/html/openWB/web/js/RGraph.common.dynamic.js' -> '/var/www/html/openWB/web/js/RGraph.common.dynamic.js'
'/home/pi/var/www/html/openWB/web/js/jquery-1.11.1.min.js' -> '/var/www/html/openWB/web/js/jquery-1.11.1.min.js'
'/home/pi/var/www/html/openWB/web/js/typed.js' -> '/var/www/html/openWB/web/js/typed.js'
'/home/pi/var/www/html/openWB/web/js/core.js' -> '/var/www/html/openWB/web/js/core.js'
'/home/pi/var/www/html/openWB/web/js/jquery.onepagenav.js' -> '/var/www/html/openWB/web/js/jquery.onepagenav.js'
'/home/pi/var/www/html/openWB/web/js/typewriter.js' -> '/var/www/html/openWB/web/js/typewriter.js'
'/home/pi/var/www/html/openWB/web/js/chartjs-plugin-zoom@0.7.4' -> '/var/www/html/openWB/web/js/chartjs-plugin-zoom@0.7.4'
'/home/pi/var/www/html/openWB/web/js/bootstrap.min.js' -> '/var/www/html/openWB/web/js/bootstrap.min.js'
'/home/pi/var/www/html/openWB/web/js/bootstrap-selectpicker/bootstrap-select.min.js.map' -> '/var/www/html/openWB/web/js/bootstrap-selectpicker/bootstrap-select.min.js.map'
'/home/pi/var/www/html/openWB/web/js/bootstrap-selectpicker/bootstrap-select.min.js' -> '/var/www/html/openWB/web/js/bootstrap-selectpicker/bootstrap-select.min.js'
'/home/pi/var/www/html/openWB/web/js/clockpicker/bootstrap-clockpicker.min.js' -> '/var/www/html/openWB/web/js/clockpicker/bootstrap-clockpicker.min.js'
'/home/pi/var/www/html/openWB/web/js/bootstrap-datepicker/bootstrap-datepicker.de.min.js' -> '/var/www/html/openWB/web/js/bootstrap-datepicker/bootstrap-datepicker.de.min.js'
'/home/pi/var/www/html/openWB/web/js/bootstrap-datepicker/bootstrap-datepicker.min.js' -> '/var/www/html/openWB/web/js/bootstrap-datepicker/bootstrap-datepicker.min.js'
'/home/pi/var/www/html/openWB/web/js/bootstrap-4.4.1/bootstrap.bundle.min.js.map' -> '/var/www/html/openWB/web/js/bootstrap-4.4.1/bootstrap.bundle.min.js.map'
'/home/pi/var/www/html/openWB/web/js/bootstrap-4.4.1/bootstrap.bundle.min.js' -> '/var/www/html/openWB/web/js/bootstrap-4.4.1/bootstrap.bundle.min.js'
'/home/pi/var/www/html/openWB/web/js/owlcarousel-2.3.4/owl.carousel.min.js' -> '/var/www/html/openWB/web/js/owlcarousel-2.3.4/owl.carousel.min.js'
'/home/pi/var/www/html/openWB/web/js/bootstrap4-toggle/bootstrap4-toggle.min.js.map' -> '/var/www/html/openWB/web/js/bootstrap4-toggle/bootstrap4-toggle.min.js.map'
'/home/pi/var/www/html/openWB/web/js/bootstrap4-toggle/bootstrap4-toggle.min.js' -> '/var/www/html/openWB/web/js/bootstrap4-toggle/bootstrap4-toggle.min.js'
'/home/pi/var/www/html/openWB/web/display/display.php' -> '/var/www/html/openWB/web/display/display.php'
'/home/pi/var/www/html/openWB/web/display/index.php' -> '/var/www/html/openWB/web/display/index.php'
'/home/pi/var/www/html/openWB/web/display/colors/pricechart.js' -> '/var/www/html/openWB/web/display/colors/pricechart.js'
'/home/pi/var/www/html/openWB/web/display/colors/powermeter.js' -> '/var/www/html/openWB/web/display/colors/powermeter.js'
'/home/pi/var/www/html/openWB/web/display/colors/style.css' -> '/var/www/html/openWB/web/display/colors/style.css'
'/home/pi/var/www/html/openWB/web/display/colors/checklock.php' -> '/var/www/html/openWB/web/display/colors/checklock.php'
'/home/pi/var/www/html/openWB/web/display/colors/powerdata.js' -> '/var/www/html/openWB/web/display/colors/powerdata.js'
'/home/pi/var/www/html/openWB/web/display/colors/chargePointList.js' -> '/var/www/html/openWB/web/display/colors/chargePointList.js'
'/home/pi/var/www/html/openWB/web/display/colors/index.html' -> '/var/www/html/openWB/web/display/colors/index.html'
'/home/pi/var/www/html/openWB/web/display/colors/yieldmeter.js' -> '/var/www/html/openWB/web/display/colors/yieldmeter.js'
'/home/pi/var/www/html/openWB/web/display/colors/powergraph.js' -> '/var/www/html/openWB/web/display/colors/powergraph.js'
'/home/pi/var/www/html/openWB/web/display/colors/setupMqttServices.js' -> '/var/www/html/openWB/web/display/colors/setupMqttServices.js'
'/home/pi/var/www/html/openWB/web/display/colors/processAllMqttMsg.js' -> '/var/www/html/openWB/web/display/colors/processAllMqttMsg.js'
'/home/pi/var/www/html/openWB/web/display/colors/helperFunctions.js' -> '/var/www/html/openWB/web/display/colors/helperFunctions.js'
'/home/pi/var/www/html/openWB/web/display/yourcharge/changeConfig.php' -> '/var/www/html/openWB/web/display/yourcharge/changeConfig.php'
'/home/pi/var/www/html/openWB/web/display/yourcharge/readme.md' -> '/var/www/html/openWB/web/display/yourcharge/readme.md'
'/home/pi/var/www/html/openWB/web/display/yourcharge/checklock.php' -> '/var/www/html/openWB/web/display/yourcharge/checklock.php'
'/home/pi/var/www/html/openWB/web/display/yourcharge/logo.png' -> '/var/www/html/openWB/web/display/yourcharge/logo.png'
'/home/pi/var/www/html/openWB/web/display/yourcharge/index.php' -> '/var/www/html/openWB/web/display/yourcharge/index.php'
'/home/pi/var/www/html/openWB/web/display/yourcharge/package.json' -> '/var/www/html/openWB/web/display/yourcharge/package.json'
'/home/pi/var/www/html/openWB/web/display/yourcharge/yarn.lock' -> '/var/www/html/openWB/web/display/yourcharge/yarn.lock'
'/home/pi/var/www/html/openWB/web/display/yourcharge/icons/YourCharge_Icon-FlatWhite.svg' -> '/var/www/html/openWB/web/display/yourcharge/icons/YourCharge_Icon-FlatWhite.svg'
'/home/pi/var/www/html/openWB/web/display/yourcharge/icons/check-solid.svg' -> '/var/www/html/openWB/web/display/yourcharge/icons/check-solid.svg'
'/home/pi/var/www/html/openWB/web/display/yourcharge/icons/lock-solid.svg' -> '/var/www/html/openWB/web/display/yourcharge/icons/lock-solid.svg'
'/home/pi/var/www/html/openWB/web/display/yourcharge/icons/clock-regular.svg' -> '/var/www/html/openWB/web/display/yourcharge/icons/clock-regular.svg'
'/home/pi/var/www/html/openWB/web/display/yourcharge/icons/chart-line-solid.svg' -> '/var/www/html/openWB/web/display/yourcharge/icons/chart-line-solid.svg'
'/home/pi/var/www/html/openWB/web/display/yourcharge/icons/lock-open-solid.svg' -> '/var/www/html/openWB/web/display/yourcharge/icons/lock-open-solid.svg'
'/home/pi/var/www/html/openWB/web/display/yourcharge/icons/plug-solid.svg' -> '/var/www/html/openWB/web/display/yourcharge/icons/plug-solid.svg'
'/home/pi/var/www/html/openWB/web/display/yourcharge/js/main.js' -> '/var/www/html/openWB/web/display/yourcharge/js/main.js'
'/home/pi/var/www/html/openWB/web/display/yourcharge/js/jquery.sparkline.js' -> '/var/www/html/openWB/web/display/yourcharge/js/jquery.sparkline.js'
'/home/pi/var/www/html/openWB/web/display/yourcharge/js/setupMqttServices.js' -> '/var/www/html/openWB/web/display/yourcharge/js/setupMqttServices.js'
'/home/pi/var/www/html/openWB/web/display/yourcharge/js/processAllMqttMsg.js' -> '/var/www/html/openWB/web/display/yourcharge/js/processAllMqttMsg.js'
'/home/pi/var/www/html/openWB/web/display/yourcharge/js/helperFunctions.js' -> '/var/www/html/openWB/web/display/yourcharge/js/helperFunctions.js'
'/home/pi/var/www/html/openWB/web/display/yourcharge/scss/style.scss' -> '/var/www/html/openWB/web/display/yourcharge/scss/style.scss'
'/home/pi/var/www/html/openWB/web/display/yourcharge/scss/form.scss' -> '/var/www/html/openWB/web/display/yourcharge/scss/form.scss'
'/home/pi/var/www/html/openWB/web/display/yourcharge/scss/pin.scss' -> '/var/www/html/openWB/web/display/yourcharge/scss/pin.scss'
'/home/pi/var/www/html/openWB/web/display/yourcharge/scss/animate.scss' -> '/var/www/html/openWB/web/display/yourcharge/scss/animate.scss'
'/home/pi/var/www/html/openWB/web/display/yourcharge/scss/vars.scss' -> '/var/www/html/openWB/web/display/yourcharge/scss/vars.scss'
'/home/pi/var/www/html/openWB/web/display/yourcharge/scss/sidebar.scss' -> '/var/www/html/openWB/web/display/yourcharge/scss/sidebar.scss'
'/home/pi/var/www/html/openWB/web/display/yourcharge/scss/bg.scss' -> '/var/www/html/openWB/web/display/yourcharge/scss/bg.scss'
'/home/pi/var/www/html/openWB/web/display/yourcharge/scss/modal.scss' -> '/var/www/html/openWB/web/display/yourcharge/scss/modal.scss'
'/home/pi/var/www/html/openWB/web/display/yourcharge/scss/carousel.scss' -> '/var/www/html/openWB/web/display/yourcharge/scss/carousel.scss'
'/home/pi/var/www/html/openWB/web/display/yourcharge/scss/font.scss' -> '/var/www/html/openWB/web/display/yourcharge/scss/font.scss'
'/home/pi/var/www/html/openWB/web/display/yourcharge/scss/card.scss' -> '/var/www/html/openWB/web/display/yourcharge/scss/card.scss'
'/home/pi/var/www/html/openWB/web/display/yourcharge/scss/navbar.scss' -> '/var/www/html/openWB/web/display/yourcharge/scss/navbar.scss'
'/home/pi/var/www/html/openWB/web/display/yourcharge/includes/sidebar.php' -> '/var/www/html/openWB/web/display/yourcharge/includes/sidebar.php'
'/home/pi/var/www/html/openWB/web/display/yourcharge/includes/navbar.php' -> '/var/www/html/openWB/web/display/yourcharge/includes/navbar.php'
'/home/pi/var/www/html/openWB/web/display/yourcharge/includes/change-lock-code-modal.php' -> '/var/www/html/openWB/web/display/yourcharge/includes/change-lock-code-modal.php'
'/home/pi/var/www/html/openWB/web/display/yourcharge/includes/change-display-timeout-modal.php' -> '/var/www/html/openWB/web/display/yourcharge/includes/change-display-timeout-modal.php'
'/home/pi/var/www/html/openWB/web/display/yourcharge/includes/stats.php' -> '/var/www/html/openWB/web/display/yourcharge/includes/stats.php'
'/home/pi/var/www/html/openWB/web/display/yourcharge/includes/wizard-modal.php' -> '/var/www/html/openWB/web/display/yourcharge/includes/wizard-modal.php'
'/home/pi/var/www/html/openWB/web/display/yourcharge/includes/lock-modal.php' -> '/var/www/html/openWB/web/display/yourcharge/includes/lock-modal.php'
'/home/pi/var/www/html/openWB/web/display/yourcharge/includes/charts.php' -> '/var/www/html/openWB/web/display/yourcharge/includes/charts.php'
'/home/pi/var/www/html/openWB/web/display/yourcharge/css/style.css' -> '/var/www/html/openWB/web/display/yourcharge/css/style.css'
'/home/pi/var/www/html/openWB/web/display/yourcharge/css/animate.css' -> '/var/www/html/openWB/web/display/yourcharge/css/animate.css'
'/home/pi/var/www/html/openWB/web/display/yourcharge/css/font.css' -> '/var/www/html/openWB/web/display/yourcharge/css/font.css'
'/home/pi/var/www/html/openWB/web/display/yourcharge/css/sidebar.css' -> '/var/www/html/openWB/web/display/yourcharge/css/sidebar.css'
'/home/pi/var/www/html/openWB/web/display/yourcharge/css/colors.css' -> '/var/www/html/openWB/web/display/yourcharge/css/colors.css'
'/home/pi/var/www/html/openWB/web/display/yourcharge/css/pin.css' -> '/var/www/html/openWB/web/display/yourcharge/css/pin.css'
'/home/pi/var/www/html/openWB/web/display/yourcharge/css/form.css' -> '/var/www/html/openWB/web/display/yourcharge/css/form.css'
'/home/pi/var/www/html/openWB/web/display/yourcharge/css/carousel.css' -> '/var/www/html/openWB/web/display/yourcharge/css/carousel.css'
'/home/pi/var/www/html/openWB/web/display/yourcharge/css/card.css' -> '/var/www/html/openWB/web/display/yourcharge/css/card.css'
'/home/pi/var/www/html/openWB/web/display/yourcharge/css/navbar.css' -> '/var/www/html/openWB/web/display/yourcharge/css/navbar.css'
'/home/pi/var/www/html/openWB/web/display/simple/live.js' -> '/var/www/html/openWB/web/display/simple/live.js'
'/home/pi/var/www/html/openWB/web/display/simple/arrow.css' -> '/var/www/html/openWB/web/display/simple/arrow.css'
'/home/pi/var/www/html/openWB/web/display/simple/pin.css' -> '/var/www/html/openWB/web/display/simple/pin.css'
'/home/pi/var/www/html/openWB/web/display/simple/index.php' -> '/var/www/html/openWB/web/display/simple/index.php'
'/home/pi/var/www/html/openWB/web/display/simple/gaugevalues.php' -> '/var/www/html/openWB/web/display/simple/gaugevalues.php'
'/home/pi/var/www/html/openWB/web/display/gauges/graphgauge.js' -> '/var/www/html/openWB/web/display/gauges/graphgauge.js'
'/home/pi/var/www/html/openWB/web/display/gauges/live.js' -> '/var/www/html/openWB/web/display/gauges/live.js'
'/home/pi/var/www/html/openWB/web/display/gauges/alllive.js' -> '/var/www/html/openWB/web/display/gauges/alllive.js'
'/home/pi/var/www/html/openWB/web/display/gauges/arrow.css' -> '/var/www/html/openWB/web/display/gauges/arrow.css'
'/home/pi/var/www/html/openWB/web/display/gauges/pin.css' -> '/var/www/html/openWB/web/display/gauges/pin.css'
'/home/pi/var/www/html/openWB/web/display/gauges/symbollive.js' -> '/var/www/html/openWB/web/display/gauges/symbollive.js'
'/home/pi/var/www/html/openWB/web/display/gauges/index.php' -> '/var/www/html/openWB/web/display/gauges/index.php'
'/home/pi/var/www/html/openWB/web/display/gauges/gaugevalues.php' -> '/var/www/html/openWB/web/display/gauges/gaugevalues.php'
'/home/pi/var/www/html/openWB/web/display/gauges/gauge.min.js' -> '/var/www/html/openWB/web/display/gauges/gauge.min.js'
'/home/pi/var/www/html/openWB/web/display/parentwb/loading.html' -> '/var/www/html/openWB/web/display/parentwb/loading.html'
'/home/pi/var/www/html/openWB/web/display/parentwb/style.css' -> '/var/www/html/openWB/web/display/parentwb/style.css'
'/home/pi/var/www/html/openWB/web/display/parentwb/index.html' -> '/var/www/html/openWB/web/display/parentwb/index.html'
'/home/pi/var/www/html/openWB/web/display/parentwb/setupMqttServices.js' -> '/var/www/html/openWB/web/display/parentwb/setupMqttServices.js'
'/home/pi/var/www/html/openWB/web/display/parentwb/processAllMqttMsg.js' -> '/var/www/html/openWB/web/display/parentwb/processAllMqttMsg.js'
'/home/pi/var/www/html/openWB/web/display/cards/style.css' -> '/var/www/html/openWB/web/display/cards/style.css'
'/home/pi/var/www/html/openWB/web/display/cards/checklock.php' -> '/var/www/html/openWB/web/display/cards/checklock.php'
'/home/pi/var/www/html/openWB/web/display/cards/jquery.sparkline.js' -> '/var/www/html/openWB/web/display/cards/jquery.sparkline.js'
'/home/pi/var/www/html/openWB/web/display/cards/index.html' -> '/var/www/html/openWB/web/display/cards/index.html'
'/home/pi/var/www/html/openWB/web/display/cards/setupMqttServices.js' -> '/var/www/html/openWB/web/display/cards/setupMqttServices.js'
'/home/pi/var/www/html/openWB/web/display/cards/processAllMqttMsg.js' -> '/var/www/html/openWB/web/display/cards/processAllMqttMsg.js'
'/home/pi/var/www/html/openWB/web/display/cards/helperFunctions.js' -> '/var/www/html/openWB/web/display/cards/helperFunctions.js'
'/home/pi/var/www/html/openWB/web/display/minimal/index.php' -> '/var/www/html/openWB/web/display/minimal/index.php'
'/home/pi/var/www/html/openWB/web/display/minimal/gaugevalues.php' -> '/var/www/html/openWB/web/display/minimal/gaugevalues.php'
'/home/pi/var/www/html/openWB/web/display/minimal/gauge.min.js' -> '/var/www/html/openWB/web/display/minimal/gauge.min.js'
'/home/pi/var/www/html/openWB/web/display/minimal/setupMqttServices.js' -> '/var/www/html/openWB/web/display/minimal/setupMqttServices.js'
'/home/pi/var/www/html/openWB/web/display/minimal/processAllMqttMsg.js' -> '/var/www/html/openWB/web/display/minimal/processAllMqttMsg.js'
'/home/pi/var/www/html/openWB/web/display/minimal/minimal.css' -> '/var/www/html/openWB/web/display/minimal/minimal.css'
'/home/pi/var/www/html/openWB/web/display/minimal/minimalgauge.js' -> '/var/www/html/openWB/web/display/minimal/minimalgauge.js'
'/home/pi/var/www/html/openWB/web/img/btn_donate_SM.gif' -> '/var/www/html/openWB/web/img/btn_donate_SM.gif'
'/home/pi/var/www/html/openWB/web/img/loading.gif' -> '/var/www/html/openWB/web/img/loading.gif'
'/home/pi/var/www/html/openWB/web/img/logo-active.png' -> '/var/www/html/openWB/web/img/logo-active.png'
'/home/pi/var/www/html/openWB/web/img/pixel.gif' -> '/var/www/html/openWB/web/img/pixel.gif'
'/home/pi/var/www/html/openWB/web/img/logo.png' -> '/var/www/html/openWB/web/img/logo.png'
'/home/pi/var/www/html/openWB/web/img/loader.gif' -> '/var/www/html/openWB/web/img/loader.gif'
'/home/pi/var/www/html/openWB/web/img/icons/heart-blue.png' -> '/var/www/html/openWB/web/img/icons/heart-blue.png'
'/home/pi/var/www/html/openWB/web/img/icons/electric-tower.svg' -> '/var/www/html/openWB/web/img/icons/electric-tower.svg'
'/home/pi/var/www/html/openWB/web/img/favicons/android-icon-96x96.png' -> '/var/www/html/openWB/web/img/favicons/android-icon-96x96.png'
'/home/pi/var/www/html/openWB/web/img/favicons/mstile-70x70.png' -> '/var/www/html/openWB/web/img/favicons/mstile-70x70.png'
'/home/pi/var/www/html/openWB/web/img/favicons/ms-icon-310x310.png' -> '/var/www/html/openWB/web/img/favicons/ms-icon-310x310.png'
'/home/pi/var/www/html/openWB/web/img/favicons/apple-icon-120x120.png' -> '/var/www/html/openWB/web/img/favicons/apple-icon-120x120.png'
'/home/pi/var/www/html/openWB/web/img/favicons/splash1125x2436w.png' -> '/var/www/html/openWB/web/img/favicons/splash1125x2436w.png'
'/home/pi/var/www/html/openWB/web/img/favicons/android-icon-36x36.png' -> '/var/www/html/openWB/web/img/favicons/android-icon-36x36.png'
'/home/pi/var/www/html/openWB/web/img/favicons/apple-touch-icon-precomposed.png' -> '/var/www/html/openWB/web/img/favicons/apple-touch-icon-precomposed.png'
'/home/pi/var/www/html/openWB/web/img/favicons/apple-touch-icon-60x60.png' -> '/var/www/html/openWB/web/img/favicons/apple-touch-icon-60x60.png'
'/home/pi/var/www/html/openWB/web/img/favicons/apple-icon-144x144.png' -> '/var/www/html/openWB/web/img/favicons/apple-icon-144x144.png'
'/home/pi/var/www/html/openWB/web/img/favicons/ms-icon-150x150.png' -> '/var/www/html/openWB/web/img/favicons/ms-icon-150x150.png'
'/home/pi/var/www/html/openWB/web/img/favicons/android-chrome-48x48.png' -> '/var/www/html/openWB/web/img/favicons/android-chrome-48x48.png'
'/home/pi/var/www/html/openWB/web/img/favicons/mstile-150x150.png' -> '/var/www/html/openWB/web/img/favicons/mstile-150x150.png'
'/home/pi/var/www/html/openWB/web/img/favicons/apple-icon-precomposed.png' -> '/var/www/html/openWB/web/img/favicons/apple-icon-precomposed.png'
'/home/pi/var/www/html/openWB/web/img/favicons/android-icon-192x192.png' -> '/var/www/html/openWB/web/img/favicons/android-icon-192x192.png'
'/home/pi/var/www/html/openWB/web/img/favicons/ms-icon-144x144.png' -> '/var/www/html/openWB/web/img/favicons/ms-icon-144x144.png'
'/home/pi/var/www/html/openWB/web/img/favicons/android-icon-48x48.png' -> '/var/www/html/openWB/web/img/favicons/android-icon-48x48.png'
'/home/pi/var/www/html/openWB/web/img/favicons/apple-icon-76x76.png' -> '/var/www/html/openWB/web/img/favicons/apple-icon-76x76.png'
'/home/pi/var/www/html/openWB/web/img/favicons/apple-icon-114x114.png' -> '/var/www/html/openWB/web/img/favicons/apple-icon-114x114.png'
'/home/pi/var/www/html/openWB/web/img/favicons/favicon-16x16.png' -> '/var/www/html/openWB/web/img/favicons/favicon-16x16.png'
'/home/pi/var/www/html/openWB/web/img/favicons/mstile-310x150.png' -> '/var/www/html/openWB/web/img/favicons/mstile-310x150.png'
'/home/pi/var/www/html/openWB/web/img/favicons/apple-touch-icon-57x57.png' -> '/var/www/html/openWB/web/img/favicons/apple-touch-icon-57x57.png'
'/home/pi/var/www/html/openWB/web/img/favicons/android-icon-72x72.png' -> '/var/www/html/openWB/web/img/favicons/android-icon-72x72.png'
'/home/pi/var/www/html/openWB/web/img/favicons/browserconfig.xml' -> '/var/www/html/openWB/web/img/favicons/browserconfig.xml'
'/home/pi/var/www/html/openWB/web/img/favicons/favicon.ico' -> '/var/www/html/openWB/web/img/favicons/favicon.ico'
'/home/pi/var/www/html/openWB/web/img/favicons/android-chrome-36x36.png' -> '/var/www/html/openWB/web/img/favicons/android-chrome-36x36.png'
'/home/pi/var/www/html/openWB/web/img/favicons/preloader-image.png' -> '/var/www/html/openWB/web/img/favicons/preloader-image.png'
'/home/pi/var/www/html/openWB/web/img/favicons/favicon-32x32.png' -> '/var/www/html/openWB/web/img/favicons/favicon-32x32.png'
'/home/pi/var/www/html/openWB/web/img/favicons/favicon-96x96.png' -> '/var/www/html/openWB/web/img/favicons/favicon-96x96.png'
'/home/pi/var/www/html/openWB/web/img/favicons/apple-touch-icon.png' -> '/var/www/html/openWB/web/img/favicons/apple-touch-icon.png'
'/home/pi/var/www/html/openWB/web/img/favicons/apple-icon-152x152.png' -> '/var/www/html/openWB/web/img/favicons/apple-icon-152x152.png'
'/home/pi/var/www/html/openWB/web/img/favicons/apple-icon-60x60.png' -> '/var/www/html/openWB/web/img/favicons/apple-icon-60x60.png'
'/home/pi/var/www/html/openWB/web/img/favicons/apple-icon-180x180.png' -> '/var/www/html/openWB/web/img/favicons/apple-icon-180x180.png'
'/home/pi/var/www/html/openWB/web/img/favicons/apple-icon-72x72.png' -> '/var/www/html/openWB/web/img/favicons/apple-icon-72x72.png'
'/home/pi/var/www/html/openWB/web/img/favicons/apple-icon.png' -> '/var/www/html/openWB/web/img/favicons/apple-icon.png'
'/home/pi/var/www/html/openWB/web/img/favicons/apple-icon-57x57.png' -> '/var/www/html/openWB/web/img/favicons/apple-icon-57x57.png'
'/home/pi/var/www/html/openWB/web/img/favicons/ms-icon-70x70.png' -> '/var/www/html/openWB/web/img/favicons/ms-icon-70x70.png'
'/home/pi/var/www/html/openWB/web/img/favicons/android-icon-144x144.png' -> '/var/www/html/openWB/web/img/favicons/android-icon-144x144.png'
'/home/pi/var/www/html/openWB/web/css/keyboard.css' -> '/var/www/html/openWB/web/css/keyboard.css'
'/home/pi/var/www/html/openWB/web/css/bootstrap.css.map' -> '/var/www/html/openWB/web/css/bootstrap.css.map'
'/home/pi/var/www/html/openWB/web/css/bootstrap.css' -> '/var/www/html/openWB/web/css/bootstrap.css'
'/home/pi/var/www/html/openWB/web/css/cardio.css' -> '/var/www/html/openWB/web/css/cardio.css'
'/home/pi/var/www/html/openWB/web/css/animate.css' -> '/var/www/html/openWB/web/css/animate.css'
'/home/pi/var/www/html/openWB/web/css/bootstrap-selectpicker/bootstrap-select.min.css' -> '/var/www/html/openWB/web/css/bootstrap-selectpicker/bootstrap-select.min.css'
'/home/pi/var/www/html/openWB/web/css/normalize-8.0.1.css' -> '/var/www/html/openWB/web/css/normalize-8.0.1.css'
'/home/pi/var/www/html/openWB/web/css/clockpicker/bootstrap-clockpicker.min.css' -> '/var/www/html/openWB/web/css/clockpicker/bootstrap-clockpicker.min.css'
'/home/pi/var/www/html/openWB/web/css/bootstrap-datepicker/bootstrap-datepicker3.min.css' -> '/var/www/html/openWB/web/css/bootstrap-datepicker/bootstrap-datepicker3.min.css'
'/home/pi/var/www/html/openWB/web/css/normalize.css' -> '/var/www/html/openWB/web/css/normalize.css'
'/home/pi/var/www/html/openWB/web/css/keyboard.min.js' -> '/var/www/html/openWB/web/css/keyboard.min.js'
'/home/pi/var/www/html/openWB/web/css/owl.css' -> '/var/www/html/openWB/web/css/owl.css'
'/home/pi/var/www/html/openWB/web/css/bootstrap-4.4.1/bootstrap.min.css.map' -> '/var/www/html/openWB/web/css/bootstrap-4.4.1/bootstrap.min.css.map'
'/home/pi/var/www/html/openWB/web/css/bootstrap-4.4.1/bootstrap.min.css' -> '/var/www/html/openWB/web/css/bootstrap-4.4.1/bootstrap.min.css'
'/home/pi/var/www/html/openWB/web/css/settings_style.css' -> '/var/www/html/openWB/web/css/settings_style.css'
'/home/pi/var/www/html/openWB/web/css/owlcarousel-2.3.4/owl.carousel.min.css' -> '/var/www/html/openWB/web/css/owlcarousel-2.3.4/owl.carousel.min.css'
'/home/pi/var/www/html/openWB/web/css/owlcarousel-2.3.4/owl.theme.default.min.css' -> '/var/www/html/openWB/web/css/owlcarousel-2.3.4/owl.theme.default.min.css'
'/home/pi/var/www/html/openWB/web/css/bootstrap4-toggle/bootstrap4-toggle.min.css' -> '/var/www/html/openWB/web/css/bootstrap4-toggle/bootstrap4-toggle.min.css'
'/home/pi/var/www/html/openWB/web/css/pwa.css' -> '/var/www/html/openWB/web/css/pwa.css'
'/home/pi/var/www/html/openWB/web/livefunctions.js' -> '/var/www/html/openWB/web/livefunctions.js'
'/home/pi/var/www/html/openWB/web/status/status_style.css' -> '/var/www/html/openWB/web/status/status_style.css'
'/home/pi/var/www/html/openWB/web/status/setupMqttServices.js' -> '/var/www/html/openWB/web/status/setupMqttServices.js'
'/home/pi/var/www/html/openWB/web/status/processAllMqttMsg.js' -> '/var/www/html/openWB/web/status/processAllMqttMsg.js'
'/home/pi/var/www/html/openWB/web/status/helperFunctions.js' -> '/var/www/html/openWB/web/status/helperFunctions.js'
'/home/pi/var/www/html/openWB/web/status/status.php' -> '/var/www/html/openWB/web/status/status.php'
'/home/pi/var/www/html/openWB/web/apple-touch-icon-57x57.png' -> '/var/www/html/openWB/web/apple-touch-icon-57x57.png'
'/home/pi/var/www/html/openWB/web/hilfe/hilfe_style.css' -> '/var/www/html/openWB/web/hilfe/hilfe_style.css'
'/home/pi/var/www/html/openWB/web/hilfe/hilfe_erste_schritte.php' -> '/var/www/html/openWB/web/hilfe/hilfe_erste_schritte.php'
'/home/pi/var/www/html/openWB/web/hilfe/navbar.php' -> '/var/www/html/openWB/web/hilfe/navbar.php'
'/home/pi/var/www/html/openWB/web/hilfe/hilfe_index.php' -> '/var/www/html/openWB/web/hilfe/hilfe_index.php'
'/home/pi/var/www/html/openWB/web/hilfe/hilfe_datenschutz.php' -> '/var/www/html/openWB/web/hilfe/hilfe_datenschutz.php'
'/home/pi/var/www/html/openWB/web/hilfe/hilfe.php' -> '/var/www/html/openWB/web/hilfe/hilfe.php'
'/home/pi/var/www/html/openWB/web/lastcommit' -> '/var/www/html/openWB/web/lastcommit'
'/home/pi/var/www/html/openWB/web/class/pData.class.php' -> '/var/www/html/openWB/web/class/pData.class.php'
'/home/pi/var/www/html/openWB/web/class/pIndicator.class.php' -> '/var/www/html/openWB/web/class/pIndicator.class.php'
'/home/pi/var/www/html/openWB/web/class/pStock.class.php' -> '/var/www/html/openWB/web/class/pStock.class.php'
'/home/pi/var/www/html/openWB/web/class/pBarcode39.class.php' -> '/var/www/html/openWB/web/class/pBarcode39.class.php'
'/home/pi/var/www/html/openWB/web/class/pImage.class.php' -> '/var/www/html/openWB/web/class/pImage.class.php'
'/home/pi/var/www/html/openWB/web/class/pCache.class.php' -> '/var/www/html/openWB/web/class/pCache.class.php'
'/home/pi/var/www/html/openWB/web/class/pScatter.class.php' -> '/var/www/html/openWB/web/class/pScatter.class.php'
'/home/pi/var/www/html/openWB/web/class/pPie.class.php' -> '/var/www/html/openWB/web/class/pPie.class.php'
'/home/pi/var/www/html/openWB/web/class/pSurface.class.php' -> '/var/www/html/openWB/web/class/pSurface.class.php'
'/home/pi/var/www/html/openWB/web/class/pDraw.class.php' -> '/var/www/html/openWB/web/class/pDraw.class.php'
'/home/pi/var/www/html/openWB/web/class/pBarcode128.class.php' -> '/var/www/html/openWB/web/class/pBarcode128.class.php'
'/home/pi/var/www/html/openWB/web/class/pSpring.class.php' -> '/var/www/html/openWB/web/class/pSpring.class.php'
'/home/pi/var/www/html/openWB/web/class/pRadar.class.php' -> '/var/www/html/openWB/web/class/pRadar.class.php'
'/home/pi/var/www/html/openWB/web/class/pBubble.class.php' -> '/var/www/html/openWB/web/class/pBubble.class.php'
'/home/pi/var/www/html/openWB/web/class/pSplit.class.php' -> '/var/www/html/openWB/web/class/pSplit.class.php'
'/home/pi/var/www/html/openWB/web/index.php' -> '/var/www/html/openWB/web/index.php'
'/home/pi/var/www/html/openWB/web/api.php' -> '/var/www/html/openWB/web/api.php'
'/home/pi/var/www/html/openWB/web/refreshEmbeddedGraph.js' -> '/var/www/html/openWB/web/refreshEmbeddedGraph.js'
'/home/pi/var/www/html/openWB/web/apple-touch-icon.png' -> '/var/www/html/openWB/web/apple-touch-icon.png'
'/home/pi/var/www/html/openWB/web/gsigraph.js' -> '/var/www/html/openWB/web/gsigraph.js'
'/home/pi/var/www/html/openWB/web/setThemeCookie.php' -> '/var/www/html/openWB/web/setThemeCookie.php'
'/home/pi/var/www/html/openWB/web/logout.html' -> '/var/www/html/openWB/web/logout.html'
'/home/pi/var/www/html/openWB/web/manifest.json' -> '/var/www/html/openWB/web/manifest.json'
'/home/pi/var/www/html/openWB/web/graph-screen.php' -> '/var/www/html/openWB/web/graph-screen.php'
'/home/pi/var/www/html/openWB/web/settings/bckredirect.html' -> '/var/www/html/openWB/web/settings/bckredirect.html'
'/home/pi/var/www/html/openWB/web/settings/topicsToSubscribe_graphconfig.js' -> '/var/www/html/openWB/web/settings/topicsToSubscribe_graphconfig.js'
'/home/pi/var/www/html/openWB/web/settings/generalchargeconfig.html' -> '/var/www/html/openWB/web/settings/generalchargeconfig.html'
'/home/pi/var/www/html/openWB/web/settings/graphconfig.html' -> '/var/www/html/openWB/web/settings/graphconfig.html'
'/home/pi/var/www/html/openWB/web/settings/executeupdate.php' -> '/var/www/html/openWB/web/settings/executeupdate.php'
'/home/pi/var/www/html/openWB/web/settings/systeminfo.php' -> '/var/www/html/openWB/web/settings/systeminfo.php'
'/home/pi/var/www/html/openWB/web/settings/topicsToSubscribe_sofortconfig.js' -> '/var/www/html/openWB/web/settings/topicsToSubscribe_sofortconfig.js'
'/home/pi/var/www/html/openWB/web/settings/topicsToSubscribe_smarthomeconfig.js' -> '/var/www/html/openWB/web/settings/topicsToSubscribe_smarthomeconfig.js'
'/home/pi/var/www/html/openWB/web/settings/wizzardstart.html' -> '/var/www/html/openWB/web/settings/wizzardstart.html'
'/home/pi/var/www/html/openWB/web/settings/setPassword.php' -> '/var/www/html/openWB/web/settings/setPassword.php'
'/home/pi/var/www/html/openWB/web/settings/restore.php' -> '/var/www/html/openWB/web/settings/restore.php'
'/home/pi/var/www/html/openWB/web/settings/shutdown.html' -> '/var/www/html/openWB/web/settings/shutdown.html'
'/home/pi/var/www/html/openWB/web/settings/modulconfigpv.php' -> '/var/www/html/openWB/web/settings/modulconfigpv.php'
'/home/pi/var/www/html/openWB/web/settings/cloudconfig.php' -> '/var/www/html/openWB/web/settings/cloudconfig.php'
'/home/pi/var/www/html/openWB/web/settings/remote.php' -> '/var/www/html/openWB/web/settings/remote.php'
'/home/pi/var/www/html/openWB/web/settings/saveupdate.php' -> '/var/www/html/openWB/web/settings/saveupdate.php'
'/home/pi/var/www/html/openWB/web/settings/backup.php' -> '/var/www/html/openWB/web/settings/backup.php'
'/home/pi/var/www/html/openWB/web/settings/smarthome.php' -> '/var/www/html/openWB/web/settings/smarthome.php'
'/home/pi/var/www/html/openWB/web/settings/topicsToSubscribe_nachtladenconfig.js' -> '/var/www/html/openWB/web/settings/topicsToSubscribe_nachtladenconfig.js'
'/home/pi/var/www/html/openWB/web/settings/updatePerformNow.php' -> '/var/www/html/openWB/web/settings/updatePerformNow.php'
'/home/pi/var/www/html/openWB/web/settings/saveautolock.php' -> '/var/www/html/openWB/web/settings/saveautolock.php'
'/home/pi/var/www/html/openWB/web/settings/topicsToSubscribe_pvconfig.js' -> '/var/www/html/openWB/web/settings/topicsToSubscribe_pvconfig.js'
'/home/pi/var/www/html/openWB/web/settings/debugging.php' -> '/var/www/html/openWB/web/settings/debugging.php'
'/home/pi/var/www/html/openWB/web/settings/modulconfigevu.php' -> '/var/www/html/openWB/web/settings/modulconfigevu.php'
'/home/pi/var/www/html/openWB/web/settings/misc.php' -> '/var/www/html/openWB/web/settings/misc.php'
'/home/pi/var/www/html/openWB/web/settings/navbar.html' -> '/var/www/html/openWB/web/settings/navbar.html'
'/home/pi/var/www/html/openWB/web/settings/update.php' -> '/var/www/html/openWB/web/settings/update.php'
'/home/pi/var/www/html/openWB/web/settings/fehlerbericht.html' -> '/var/www/html/openWB/web/settings/fehlerbericht.html'
'/home/pi/var/www/html/openWB/web/settings/wizzard.php' -> '/var/www/html/openWB/web/settings/wizzard.php'
'/home/pi/var/www/html/openWB/web/settings/topicsToSubscribe_generalchargeconfig.js' -> '/var/www/html/openWB/web/settings/topicsToSubscribe_generalchargeconfig.js'
'/home/pi/var/www/html/openWB/web/settings/mqttapi.php' -> '/var/www/html/openWB/web/settings/mqttapi.php'
'/home/pi/var/www/html/openWB/web/settings/shutdown.php' -> '/var/www/html/openWB/web/settings/shutdown.php'
'/home/pi/var/www/html/openWB/web/settings/autoLock.php' -> '/var/www/html/openWB/web/settings/autoLock.php'
'/home/pi/var/www/html/openWB/web/settings/reboot.html' -> '/var/www/html/openWB/web/settings/reboot.html'
'/home/pi/var/www/html/openWB/web/settings/starttunnel.php' -> '/var/www/html/openWB/web/settings/starttunnel.php'
'/home/pi/var/www/html/openWB/web/settings/upload.php' -> '/var/www/html/openWB/web/settings/upload.php'
'/home/pi/var/www/html/openWB/web/settings/savemqtt.php' -> '/var/www/html/openWB/web/settings/savemqtt.php'
'/home/pi/var/www/html/openWB/web/settings/nachtladenconfig.html' -> '/var/www/html/openWB/web/settings/nachtladenconfig.html'
'/home/pi/var/www/html/openWB/web/settings/settings.php' -> '/var/www/html/openWB/web/settings/settings.php'
'/home/pi/var/www/html/openWB/web/settings/sofortconfig.php' -> '/var/www/html/openWB/web/settings/sofortconfig.php'
'/home/pi/var/www/html/openWB/web/settings/restart.php' -> '/var/www/html/openWB/web/settings/restart.php'
'/home/pi/var/www/html/openWB/web/settings/senddebug.php' -> '/var/www/html/openWB/web/settings/senddebug.php'
'/home/pi/var/www/html/openWB/web/settings/wizzardend.html' -> '/var/www/html/openWB/web/settings/wizzardend.html'
'/home/pi/var/www/html/openWB/web/settings/setTheme.php' -> '/var/www/html/openWB/web/settings/setTheme.php'
'/home/pi/var/www/html/openWB/web/settings/datenschutzack.php' -> '/var/www/html/openWB/web/settings/datenschutzack.php'
'/home/pi/var/www/html/openWB/web/settings/setupMqttServices.js' -> '/var/www/html/openWB/web/settings/setupMqttServices.js'
'/home/pi/var/www/html/openWB/web/settings/topicsToSubscribe_fehlerbericht.js' -> '/var/www/html/openWB/web/settings/topicsToSubscribe_fehlerbericht.js'
'/home/pi/var/www/html/openWB/web/settings/processAllMqttMsg.js' -> '/var/www/html/openWB/web/settings/processAllMqttMsg.js'
'/home/pi/var/www/html/openWB/web/settings/saveconfig.php' -> '/var/www/html/openWB/web/settings/saveconfig.php'
'/home/pi/var/www/html/openWB/web/settings/helperFunctions.js' -> '/var/www/html/openWB/web/settings/helperFunctions.js'
'/home/pi/var/www/html/openWB/web/settings/smarthomeconfig.php' -> '/var/www/html/openWB/web/settings/smarthomeconfig.php'
'/home/pi/var/www/html/openWB/web/settings/cloudregistrate.php' -> '/var/www/html/openWB/web/settings/cloudregistrate.php'
'/home/pi/var/www/html/openWB/web/settings/modulconfigbat.php' -> '/var/www/html/openWB/web/settings/modulconfigbat.php'
'/home/pi/var/www/html/openWB/web/settings/datenschutz.html' -> '/var/www/html/openWB/web/settings/datenschutz.html'
'/home/pi/var/www/html/openWB/web/settings/modulconfiglp.php' -> '/var/www/html/openWB/web/settings/modulconfiglp.php'
'/home/pi/var/www/html/openWB/web/settings/remoteredirect.html' -> '/var/www/html/openWB/web/settings/remoteredirect.html'
'/home/pi/var/www/html/openWB/web/settings/pvconfig.html' -> '/var/www/html/openWB/web/settings/pvconfig.html'
'/home/pi/var/www/html/openWB/web/settings/mqtt.php' -> '/var/www/html/openWB/web/settings/mqtt.php'
'/home/pi/var/www/html/openWB/web/settings/network.php' -> '/var/www/html/openWB/web/settings/network.php'
'/home/pi/var/www/html/openWB/web/fonts/font-awesome-5.8.2/webfonts/fa-regular-400.ttf' -> '/var/www/html/openWB/web/fonts/font-awesome-5.8.2/webfonts/fa-regular-400.ttf'
'/home/pi/var/www/html/openWB/web/fonts/font-awesome-5.8.2/webfonts/fa-solid-900.svg' -> '/var/www/html/openWB/web/fonts/font-awesome-5.8.2/webfonts/fa-solid-900.svg'
'/home/pi/var/www/html/openWB/web/fonts/font-awesome-5.8.2/webfonts/fa-regular-400.woff2' -> '/var/www/html/openWB/web/fonts/font-awesome-5.8.2/webfonts/fa-regular-400.woff2'
'/home/pi/var/www/html/openWB/web/fonts/font-awesome-5.8.2/webfonts/fa-brands-400.ttf' -> '/var/www/html/openWB/web/fonts/font-awesome-5.8.2/webfonts/fa-brands-400.ttf'
'/home/pi/var/www/html/openWB/web/fonts/font-awesome-5.8.2/webfonts/fa-solid-900.woff' -> '/var/www/html/openWB/web/fonts/font-awesome-5.8.2/webfonts/fa-solid-900.woff'
'/home/pi/var/www/html/openWB/web/fonts/font-awesome-5.8.2/webfonts/fa-brands-400.eot' -> '/var/www/html/openWB/web/fonts/font-awesome-5.8.2/webfonts/fa-brands-400.eot'
'/home/pi/var/www/html/openWB/web/fonts/font-awesome-5.8.2/webfonts/fa-solid-900.eot' -> '/var/www/html/openWB/web/fonts/font-awesome-5.8.2/webfonts/fa-solid-900.eot'
'/home/pi/var/www/html/openWB/web/fonts/font-awesome-5.8.2/webfonts/fa-brands-400.woff' -> '/var/www/html/openWB/web/fonts/font-awesome-5.8.2/webfonts/fa-brands-400.woff'
'/home/pi/var/www/html/openWB/web/fonts/font-awesome-5.8.2/webfonts/fa-regular-400.eot' -> '/var/www/html/openWB/web/fonts/font-awesome-5.8.2/webfonts/fa-regular-400.eot'
'/home/pi/var/www/html/openWB/web/fonts/font-awesome-5.8.2/webfonts/fa-brands-400.woff2' -> '/var/www/html/openWB/web/fonts/font-awesome-5.8.2/webfonts/fa-brands-400.woff2'
'/home/pi/var/www/html/openWB/web/fonts/font-awesome-5.8.2/webfonts/fa-regular-400.woff' -> '/var/www/html/openWB/web/fonts/font-awesome-5.8.2/webfonts/fa-regular-400.woff'
'/home/pi/var/www/html/openWB/web/fonts/font-awesome-5.8.2/webfonts/fa-solid-900.ttf' -> '/var/www/html/openWB/web/fonts/font-awesome-5.8.2/webfonts/fa-solid-900.ttf'
'/home/pi/var/www/html/openWB/web/fonts/font-awesome-5.8.2/webfonts/fa-regular-400.svg' -> '/var/www/html/openWB/web/fonts/font-awesome-5.8.2/webfonts/fa-regular-400.svg'
'/home/pi/var/www/html/openWB/web/fonts/font-awesome-5.8.2/webfonts/fa-solid-900.woff2' -> '/var/www/html/openWB/web/fonts/font-awesome-5.8.2/webfonts/fa-solid-900.woff2'
'/home/pi/var/www/html/openWB/web/fonts/font-awesome-5.8.2/webfonts/fa-brands-400.svg' -> '/var/www/html/openWB/web/fonts/font-awesome-5.8.2/webfonts/fa-brands-400.svg'
'/home/pi/var/www/html/openWB/web/fonts/font-awesome-5.8.2/css/all.css' -> '/var/www/html/openWB/web/fonts/font-awesome-5.8.2/css/all.css'
'/home/pi/var/www/html/openWB/web/fonts/font-awesome-5.8.2/LICENSE.txt' -> '/var/www/html/openWB/web/fonts/font-awesome-5.8.2/LICENSE.txt'
'/home/pi/var/www/html/openWB/web/fonts/GeosansLight.ttf' -> '/var/www/html/openWB/web/fonts/GeosansLight.ttf'
'/home/pi/var/www/html/openWB/web/fonts/eleganticons/ElegantIcons.eot' -> '/var/www/html/openWB/web/fonts/eleganticons/ElegantIcons.eot'
'/home/pi/var/www/html/openWB/web/fonts/eleganticons/et-icons.css' -> '/var/www/html/openWB/web/fonts/eleganticons/et-icons.css'
'/home/pi/var/www/html/openWB/web/fonts/eleganticons/ElegantIcons.svg' -> '/var/www/html/openWB/web/fonts/eleganticons/ElegantIcons.svg'
'/home/pi/var/www/html/openWB/web/fonts/eleganticons/ElegantIcons.ttf' -> '/var/www/html/openWB/web/fonts/eleganticons/ElegantIcons.ttf'
'/home/pi/var/www/html/openWB/web/fonts/eleganticons/ElegantIcons.woff' -> '/var/www/html/openWB/web/fonts/eleganticons/ElegantIcons.woff'
'/home/pi/var/www/html/openWB/web/logging/monthlyv1.php' -> '/var/www/html/openWB/web/logging/monthlyv1.php'
'/home/pi/var/www/html/openWB/web/logging/monthlyv2.php' -> '/var/www/html/openWB/web/logging/monthlyv2.php'
'/home/pi/var/www/html/openWB/web/logging/monthly.php' -> '/var/www/html/openWB/web/logging/monthly.php'
'/home/pi/var/www/html/openWB/web/logging/yearlychartv1.js' -> '/var/www/html/openWB/web/logging/yearlychartv1.js'
'/home/pi/var/www/html/openWB/web/logging/navbar.php' -> '/var/www/html/openWB/web/logging/navbar.php'
'/home/pi/var/www/html/openWB/web/logging/daily.php' -> '/var/www/html/openWB/web/logging/daily.php'
'/home/pi/var/www/html/openWB/web/logging/yearlyv2.php' -> '/var/www/html/openWB/web/logging/yearlyv2.php'
'/home/pi/var/www/html/openWB/web/logging/longlivechart.js' -> '/var/www/html/openWB/web/logging/longlivechart.js'
'/home/pi/var/www/html/openWB/web/logging/chargelog/ladelog_style.css' -> '/var/www/html/openWB/web/logging/chargelog/ladelog_style.css'
'/home/pi/var/www/html/openWB/web/logging/chargelog/ladelog.js' -> '/var/www/html/openWB/web/logging/chargelog/ladelog.js'
'/home/pi/var/www/html/openWB/web/logging/chargelog/ladelogexport.php' -> '/var/www/html/openWB/web/logging/chargelog/ladelogexport.php'
'/home/pi/var/www/html/openWB/web/logging/chargelog/ladelog.php' -> '/var/www/html/openWB/web/logging/chargelog/ladelog.php'
'/home/pi/var/www/html/openWB/web/logging/chargelog/helperFunctions.js' -> '/var/www/html/openWB/web/logging/chargelog/helperFunctions.js'
'/home/pi/var/www/html/openWB/web/logging/logging_style.css' -> '/var/www/html/openWB/web/logging/logging_style.css'
'/home/pi/var/www/html/openWB/web/logging/yearly.php' -> '/var/www/html/openWB/web/logging/yearly.php'
'/home/pi/var/www/html/openWB/web/logging/monthlychartv1.js' -> '/var/www/html/openWB/web/logging/monthlychartv1.js'
'/home/pi/var/www/html/openWB/web/logging/index.php' -> '/var/www/html/openWB/web/logging/index.php'
'/home/pi/var/www/html/openWB/web/logging/data/daily/20220606.csv' -> '/var/www/html/openWB/web/logging/data/daily/20220606.csv'
'/home/pi/var/www/html/openWB/web/logging/data/daily/20220709.csv' -> '/var/www/html/openWB/web/logging/data/daily/20220709.csv'
'/home/pi/var/www/html/openWB/web/logging/data/daily/20220711.csv' -> '/var/www/html/openWB/web/logging/data/daily/20220711.csv'
'/home/pi/var/www/html/openWB/web/logging/data/daily/20220712.csv' -> '/var/www/html/openWB/web/logging/data/daily/20220712.csv'
'/home/pi/var/www/html/openWB/web/logging/data/daily/20220725.csv' -> '/var/www/html/openWB/web/logging/data/daily/20220725.csv'
'/home/pi/var/www/html/openWB/web/logging/data/daily/20220615.csv' -> '/var/www/html/openWB/web/logging/data/daily/20220615.csv'
'/home/pi/var/www/html/openWB/web/logging/data/daily/20220523.csv' -> '/var/www/html/openWB/web/logging/data/daily/20220523.csv'
'/home/pi/var/www/html/openWB/web/logging/data/daily/20220521.csv' -> '/var/www/html/openWB/web/logging/data/daily/20220521.csv'
'/home/pi/var/www/html/openWB/web/logging/data/daily/20220629.csv' -> '/var/www/html/openWB/web/logging/data/daily/20220629.csv'
'/home/pi/var/www/html/openWB/web/logging/data/daily/20220706.csv' -> '/var/www/html/openWB/web/logging/data/daily/20220706.csv'
'/home/pi/var/www/html/openWB/web/logging/data/daily/20220529.csv' -> '/var/www/html/openWB/web/logging/data/daily/20220529.csv'
'/home/pi/var/www/html/openWB/web/logging/data/daily/20220710.csv' -> '/var/www/html/openWB/web/logging/data/daily/20220710.csv'
'/home/pi/var/www/html/openWB/web/logging/data/daily/20220604.csv' -> '/var/www/html/openWB/web/logging/data/daily/20220604.csv'
'/home/pi/var/www/html/openWB/web/logging/data/daily/20220616.csv' -> '/var/www/html/openWB/web/logging/data/daily/20220616.csv'
'/home/pi/var/www/html/openWB/web/logging/data/daily/20220628.csv' -> '/var/www/html/openWB/web/logging/data/daily/20220628.csv'
'/home/pi/var/www/html/openWB/web/logging/data/daily/20220625.csv' -> '/var/www/html/openWB/web/logging/data/daily/20220625.csv'
'/home/pi/var/www/html/openWB/web/logging/data/daily/20220605.csv' -> '/var/www/html/openWB/web/logging/data/daily/20220605.csv'
'/home/pi/var/www/html/openWB/web/logging/data/daily/20220715.csv' -> '/var/www/html/openWB/web/logging/data/daily/20220715.csv'
'/home/pi/var/www/html/openWB/web/logging/data/daily/20220609.csv' -> '/var/www/html/openWB/web/logging/data/daily/20220609.csv'
'/home/pi/var/www/html/openWB/web/logging/data/daily/20220630.csv' -> '/var/www/html/openWB/web/logging/data/daily/20220630.csv'
'/home/pi/var/www/html/openWB/web/logging/data/daily/20220626.csv' -> '/var/www/html/openWB/web/logging/data/daily/20220626.csv'
'/home/pi/var/www/html/openWB/web/logging/data/daily/20220622.csv' -> '/var/www/html/openWB/web/logging/data/daily/20220622.csv'
'/home/pi/var/www/html/openWB/web/logging/data/daily/20220602.csv' -> '/var/www/html/openWB/web/logging/data/daily/20220602.csv'
'/home/pi/var/www/html/openWB/web/logging/data/daily/20220527.csv' -> '/var/www/html/openWB/web/logging/data/daily/20220527.csv'
'/home/pi/var/www/html/openWB/web/logging/data/daily/20220808.csv' -> '/var/www/html/openWB/web/logging/data/daily/20220808.csv'
'/home/pi/var/www/html/openWB/web/logging/data/daily/20220617.csv' -> '/var/www/html/openWB/web/logging/data/daily/20220617.csv'
'/home/pi/var/www/html/openWB/web/logging/data/daily/20220801.csv' -> '/var/www/html/openWB/web/logging/data/daily/20220801.csv'
'/home/pi/var/www/html/openWB/web/logging/data/daily/20220803.csv' -> '/var/www/html/openWB/web/logging/data/daily/20220803.csv'
'/home/pi/var/www/html/openWB/web/logging/data/daily/20220810.csv' -> '/var/www/html/openWB/web/logging/data/daily/20220810.csv'
'/home/pi/var/www/html/openWB/web/logging/data/daily/20220804.csv' -> '/var/www/html/openWB/web/logging/data/daily/20220804.csv'
'/home/pi/var/www/html/openWB/web/logging/data/daily/20220526.csv' -> '/var/www/html/openWB/web/logging/data/daily/20220526.csv'
'/home/pi/var/www/html/openWB/web/logging/data/daily/20220619.csv' -> '/var/www/html/openWB/web/logging/data/daily/20220619.csv'
'/home/pi/var/www/html/openWB/web/logging/data/daily/20220713.csv' -> '/var/www/html/openWB/web/logging/data/daily/20220713.csv'
'/home/pi/var/www/html/openWB/web/logging/data/daily/20220720.csv' -> '/var/www/html/openWB/web/logging/data/daily/20220720.csv'
'/home/pi/var/www/html/openWB/web/logging/data/daily/20220531.csv' -> '/var/www/html/openWB/web/logging/data/daily/20220531.csv'
'/home/pi/var/www/html/openWB/web/logging/data/daily/20220728.csv' -> '/var/www/html/openWB/web/logging/data/daily/20220728.csv'
'/home/pi/var/www/html/openWB/web/logging/data/daily/20220729.csv' -> '/var/www/html/openWB/web/logging/data/daily/20220729.csv'
'/home/pi/var/www/html/openWB/web/logging/data/daily/20220708.csv' -> '/var/www/html/openWB/web/logging/data/daily/20220708.csv'
'/home/pi/var/www/html/openWB/web/logging/data/daily/20220813.csv' -> '/var/www/html/openWB/web/logging/data/daily/20220813.csv'
'/home/pi/var/www/html/openWB/web/logging/data/daily/20220726.csv' -> '/var/www/html/openWB/web/logging/data/daily/20220726.csv'
'/home/pi/var/www/html/openWB/web/logging/data/daily/20220618.csv' -> '/var/www/html/openWB/web/logging/data/daily/20220618.csv'
'/home/pi/var/www/html/openWB/web/logging/data/daily/20220611.csv' -> '/var/www/html/openWB/web/logging/data/daily/20220611.csv'
'/home/pi/var/www/html/openWB/web/logging/data/daily/20220519.csv' -> '/var/www/html/openWB/web/logging/data/daily/20220519.csv'
'/home/pi/var/www/html/openWB/web/logging/data/daily/20220812.csv' -> '/var/www/html/openWB/web/logging/data/daily/20220812.csv'
'/home/pi/var/www/html/openWB/web/logging/data/daily/20220624.csv' -> '/var/www/html/openWB/web/logging/data/daily/20220624.csv'
'/home/pi/var/www/html/openWB/web/logging/data/daily/20220612.csv' -> '/var/www/html/openWB/web/logging/data/daily/20220612.csv'
'/home/pi/var/www/html/openWB/web/logging/data/daily/20220621.csv' -> '/var/www/html/openWB/web/logging/data/daily/20220621.csv'
'/home/pi/var/www/html/openWB/web/logging/data/daily/20220601.csv' -> '/var/www/html/openWB/web/logging/data/daily/20220601.csv'
'/home/pi/var/www/html/openWB/web/logging/data/daily/20220530.csv' -> '/var/www/html/openWB/web/logging/data/daily/20220530.csv'
'/home/pi/var/www/html/openWB/web/logging/data/daily/20220722.csv' -> '/var/www/html/openWB/web/logging/data/daily/20220722.csv'
'/home/pi/var/www/html/openWB/web/logging/data/daily/20220613.csv' -> '/var/www/html/openWB/web/logging/data/daily/20220613.csv'
'/home/pi/var/www/html/openWB/web/logging/data/daily/20220802.csv' -> '/var/www/html/openWB/web/logging/data/daily/20220802.csv'
'/home/pi/var/www/html/openWB/web/logging/data/daily/20220707.csv' -> '/var/www/html/openWB/web/logging/data/daily/20220707.csv'
'/home/pi/var/www/html/openWB/web/logging/data/daily/20220703.csv' -> '/var/www/html/openWB/web/logging/data/daily/20220703.csv'
'/home/pi/var/www/html/openWB/web/logging/data/daily/20220522.csv' -> '/var/www/html/openWB/web/logging/data/daily/20220522.csv'
'/home/pi/var/www/html/openWB/web/logging/data/daily/20220806.csv' -> '/var/www/html/openWB/web/logging/data/daily/20220806.csv'
'/home/pi/var/www/html/openWB/web/logging/data/daily/20220730.csv' -> '/var/www/html/openWB/web/logging/data/daily/20220730.csv'
'/home/pi/var/www/html/openWB/web/logging/data/daily/20220718.csv' -> '/var/www/html/openWB/web/logging/data/daily/20220718.csv'
'/home/pi/var/www/html/openWB/web/logging/data/daily/20220811.csv' -> '/var/www/html/openWB/web/logging/data/daily/20220811.csv'
'/home/pi/var/www/html/openWB/web/logging/data/daily/20220723.csv' -> '/var/www/html/openWB/web/logging/data/daily/20220723.csv'
'/home/pi/var/www/html/openWB/web/logging/data/daily/20220518.csv' -> '/var/www/html/openWB/web/logging/data/daily/20220518.csv'
'/home/pi/var/www/html/openWB/web/logging/data/daily/20220614.csv' -> '/var/www/html/openWB/web/logging/data/daily/20220614.csv'
'/home/pi/var/www/html/openWB/web/logging/data/daily/20220627.csv' -> '/var/www/html/openWB/web/logging/data/daily/20220627.csv'
'/home/pi/var/www/html/openWB/web/logging/data/daily/20220705.csv' -> '/var/www/html/openWB/web/logging/data/daily/20220705.csv'
'/home/pi/var/www/html/openWB/web/logging/data/daily/20220524.csv' -> '/var/www/html/openWB/web/logging/data/daily/20220524.csv'
'/home/pi/var/www/html/openWB/web/logging/data/daily/20220721.csv' -> '/var/www/html/openWB/web/logging/data/daily/20220721.csv'
'/home/pi/var/www/html/openWB/web/logging/data/daily/20220809.csv' -> '/var/www/html/openWB/web/logging/data/daily/20220809.csv'
'/home/pi/var/www/html/openWB/web/logging/data/daily/20220525.csv' -> '/var/www/html/openWB/web/logging/data/daily/20220525.csv'
'/home/pi/var/www/html/openWB/web/logging/data/daily/20220702.csv' -> '/var/www/html/openWB/web/logging/data/daily/20220702.csv'
'/home/pi/var/www/html/openWB/web/logging/data/daily/20220603.csv' -> '/var/www/html/openWB/web/logging/data/daily/20220603.csv'
'/home/pi/var/www/html/openWB/web/logging/data/daily/20220701.csv' -> '/var/www/html/openWB/web/logging/data/daily/20220701.csv'
'/home/pi/var/www/html/openWB/web/logging/data/daily/20220607.csv' -> '/var/www/html/openWB/web/logging/data/daily/20220607.csv'
'/home/pi/var/www/html/openWB/web/logging/data/daily/20220608.csv' -> '/var/www/html/openWB/web/logging/data/daily/20220608.csv'
'/home/pi/var/www/html/openWB/web/logging/data/daily/20220717.csv' -> '/var/www/html/openWB/web/logging/data/daily/20220717.csv'
'/home/pi/var/www/html/openWB/web/logging/data/daily/20220724.csv' -> '/var/www/html/openWB/web/logging/data/daily/20220724.csv'
'/home/pi/var/www/html/openWB/web/logging/data/daily/20220714.csv' -> '/var/www/html/openWB/web/logging/data/daily/20220714.csv'
'/home/pi/var/www/html/openWB/web/logging/data/daily/20220520.csv' -> '/var/www/html/openWB/web/logging/data/daily/20220520.csv'
'/home/pi/var/www/html/openWB/web/logging/data/daily/20220610.csv' -> '/var/www/html/openWB/web/logging/data/daily/20220610.csv'
'/home/pi/var/www/html/openWB/web/logging/data/daily/20220731.csv' -> '/var/www/html/openWB/web/logging/data/daily/20220731.csv'
'/home/pi/var/www/html/openWB/web/logging/data/daily/20220716.csv' -> '/var/www/html/openWB/web/logging/data/daily/20220716.csv'
'/home/pi/var/www/html/openWB/web/logging/data/daily/20220719.csv' -> '/var/www/html/openWB/web/logging/data/daily/20220719.csv'
'/home/pi/var/www/html/openWB/web/logging/data/daily/20220528.csv' -> '/var/www/html/openWB/web/logging/data/daily/20220528.csv'
'/home/pi/var/www/html/openWB/web/logging/data/daily/20220805.csv' -> '/var/www/html/openWB/web/logging/data/daily/20220805.csv'
'/home/pi/var/www/html/openWB/web/logging/data/daily/20220704.csv' -> '/var/www/html/openWB/web/logging/data/daily/20220704.csv'
'/home/pi/var/www/html/openWB/web/logging/data/daily/20220727.csv' -> '/var/www/html/openWB/web/logging/data/daily/20220727.csv'
'/home/pi/var/www/html/openWB/web/logging/data/daily/20220807.csv' -> '/var/www/html/openWB/web/logging/data/daily/20220807.csv'
'/home/pi/var/www/html/openWB/web/logging/data/daily/20220620.csv' -> '/var/www/html/openWB/web/logging/data/daily/20220620.csv'
'/home/pi/var/www/html/openWB/web/logging/data/daily/20220623.csv' -> '/var/www/html/openWB/web/logging/data/daily/20220623.csv'
'/home/pi/var/www/html/openWB/web/logging/data/monthly/202206.csv' -> '/var/www/html/openWB/web/logging/data/monthly/202206.csv'
'/home/pi/var/www/html/openWB/web/logging/data/monthly/202205.csv' -> '/var/www/html/openWB/web/logging/data/monthly/202205.csv'
'/home/pi/var/www/html/openWB/web/logging/data/monthly/202208.csv' -> '/var/www/html/openWB/web/logging/data/monthly/202208.csv'
'/home/pi/var/www/html/openWB/web/logging/data/monthly/202207.csv' -> '/var/www/html/openWB/web/logging/data/monthly/202207.csv'
'/home/pi/var/www/html/openWB/web/logging/data/ladelog/202206.csv' -> '/var/www/html/openWB/web/logging/data/ladelog/202206.csv'
'/home/pi/var/www/html/openWB/web/logging/data/ladelog/202205.csv' -> '/var/www/html/openWB/web/logging/data/ladelog/202205.csv'
'/home/pi/var/www/html/openWB/web/logging/data/ladelog/202208.csv' -> '/var/www/html/openWB/web/logging/data/ladelog/202208.csv'
'/home/pi/var/www/html/openWB/web/logging/data/ladelog/202207.csv' -> '/var/www/html/openWB/web/logging/data/ladelog/202207.csv'
'/home/pi/var/www/html/openWB/web/logging/data/v001/202207onls.csv' -> '/var/www/html/openWB/web/logging/data/v001/202207onls.csv'
'/home/pi/var/www/html/openWB/web/logging/data/v001/202205onl.csv' -> '/var/www/html/openWB/web/logging/data/v001/202205onl.csv'
'/home/pi/var/www/html/openWB/web/logging/data/v001/202207onl.csv' -> '/var/www/html/openWB/web/logging/data/v001/202207onl.csv'
'/home/pi/var/www/html/openWB/web/logging/data/v001/202205onls.csv' -> '/var/www/html/openWB/web/logging/data/v001/202205onls.csv'
'/home/pi/var/www/html/openWB/web/logging/data/v001/202206onl.csv' -> '/var/www/html/openWB/web/logging/data/v001/202206onl.csv'
'/home/pi/var/www/html/openWB/web/logging/data/v001/202206onls.csv' -> '/var/www/html/openWB/web/logging/data/v001/202206onls.csv'
'/home/pi/var/www/html/openWB/web/logging/yearlychart.js' -> '/var/www/html/openWB/web/logging/yearlychart.js'
'/home/pi/var/www/html/openWB/web/logging/yearlyv1.php' -> '/var/www/html/openWB/web/logging/yearlyv1.php'
'/home/pi/var/www/html/openWB/web/logging/dailychart.js' -> '/var/www/html/openWB/web/logging/dailychart.js'
'/home/pi/var/www/html/openWB/web/logging/monthlychart.js' -> '/var/www/html/openWB/web/logging/monthlychart.js'
'/home/pi/var/www/html/openWB/web/files/mosquitto.conf' -> '/var/www/html/openWB/web/files/mosquitto.conf'
'/home/pi/var/www/html/openWB/zielladen.sh' -> '/var/www/html/openWB/zielladen.sh'
****************************************
Step 4: cleanup after restore...
****************************************
End: Restore finished.
****************************************
